<?xml version="1.0" encoding="UTF-8"?>
<testng-results skipped="0" failed="0" total="1" passed="1">
  <reporter-output>
  </reporter-output>
  <suite name="Suite" duration-ms="11825" started-at="2017-06-29T10:53:06Z" finished-at="2017-06-29T10:53:18Z">
    <groups>
    </groups>
    <test name="Test" duration-ms="11825" started-at="2017-06-29T10:53:06Z" finished-at="2017-06-29T10:53:18Z">
      <class name="STTA.MavenProject.WebDriverTest">
        <test-method status="PASS" signature="testLaunch()[pri:0, instance:STTA.MavenProject.WebDriverTest@59a67c3a]" name="testLaunch" duration-ms="11808" started-at="2017-06-29T16:23:06Z" finished-at="2017-06-29T16:23:18Z">
          <reporter-output>
          </reporter-output>
        </test-method> <!-- testLaunch -->
      </class> <!-- STTA.MavenProject.WebDriverTest -->
    </test> <!-- Test -->
  </suite> <!-- Suite -->
</testng-results>
