<?xml version="1.0" encoding="UTF-8"?>
<testng-results skipped="0" failed="0" total="1" passed="1">
  <reporter-output>
  </reporter-output>
  <suite name="Default suite" duration-ms="11220" started-at="2017-06-29T10:47:16Z" finished-at="2017-06-29T10:47:27Z">
    <groups>
    </groups>
    <test name="Default test" duration-ms="11220" started-at="2017-06-29T10:47:16Z" finished-at="2017-06-29T10:47:27Z">
      <class name="STTA.MavenProject.WebDriverTest">
        <test-method status="PASS" signature="testLaunch()[pri:0, instance:STTA.MavenProject.WebDriverTest@35851384]" name="testLaunch" duration-ms="11192" started-at="2017-06-29T16:17:16Z" finished-at="2017-06-29T16:17:27Z">
          <reporter-output>
          </reporter-output>
        </test-method> <!-- testLaunch -->
      </class> <!-- STTA.MavenProject.WebDriverTest -->
    </test> <!-- Default test -->
  </suite> <!-- Default suite -->
</testng-results>
